\BOOKMARK [0][-]{chapter.1}{\376\377\0001\000\040\000M\000a\000i\000n\000\040\000P\000a\000g\000e}{}% 1
\BOOKMARK [0][-]{chapter.2}{\376\377\0002\000\040\000N\000a\000m\000e\000s\000p\000a\000c\000e\000\040\000I\000n\000d\000e\000x}{}% 2
\BOOKMARK [1][-]{section.2.1}{\376\377\0002\000.\0001\000\040\000N\000a\000m\000e\000s\000p\000a\000c\000e\000\040\000L\000i\000s\000t}{chapter.2}% 3
\BOOKMARK [0][-]{chapter.3}{\376\377\0003\000\040\000F\000i\000l\000e\000\040\000I\000n\000d\000e\000x}{}% 4
\BOOKMARK [1][-]{section.3.1}{\376\377\0003\000.\0001\000\040\000F\000i\000l\000e\000\040\000L\000i\000s\000t}{chapter.3}% 5
\BOOKMARK [0][-]{chapter.4}{\376\377\0004\000\040\000N\000a\000m\000e\000s\000p\000a\000c\000e\000\040\000D\000o\000c\000u\000m\000e\000n\000t\000a\000t\000i\000o\000n}{}% 6
\BOOKMARK [1][-]{section.4.1}{\376\377\0004\000.\0001\000\040\000b\000o\000d\000y\000\040\000N\000a\000m\000e\000s\000p\000a\000c\000e\000\040\000R\000e\000f\000e\000r\000e\000n\000c\000e}{chapter.4}% 7
\BOOKMARK [2][-]{subsection.4.1.1}{\376\377\0004\000.\0001\000.\0001\000\040\000D\000e\000t\000a\000i\000l\000e\000d\000\040\000D\000e\000s\000c\000r\000i\000p\000t\000i\000o\000n}{section.4.1}% 8
\BOOKMARK [2][-]{subsection.4.1.2}{\376\377\0004\000.\0001\000.\0002\000\040\000F\000u\000n\000c\000t\000i\000o\000n\000\040\000D\000o\000c\000u\000m\000e\000n\000t\000a\000t\000i\000o\000n}{section.4.1}% 9
\BOOKMARK [3][-]{subsubsection.4.1.2.1}{\376\377\0004\000.\0001\000.\0002\000.\0001\000\040\000d\000i\000s\000p\000l\000a\000y}{subsection.4.1.2}% 10
\BOOKMARK [3][-]{subsubsection.4.1.2.2}{\376\377\0004\000.\0001\000.\0002\000.\0002\000\040\000p\000r\000o\000p\000a\000g\000a\000t\000e}{subsection.4.1.2}% 11
\BOOKMARK [1][-]{section.4.2}{\376\377\0004\000.\0002\000\040\000f\000m\000a\000n\000i\000p\000\040\000N\000a\000m\000e\000s\000p\000a\000c\000e\000\040\000R\000e\000f\000e\000r\000e\000n\000c\000e}{chapter.4}% 12
\BOOKMARK [2][-]{subsection.4.2.1}{\376\377\0004\000.\0002\000.\0001\000\040\000D\000e\000t\000a\000i\000l\000e\000d\000\040\000D\000e\000s\000c\000r\000i\000p\000t\000i\000o\000n}{section.4.2}% 13
\BOOKMARK [2][-]{subsection.4.2.2}{\376\377\0004\000.\0002\000.\0002\000\040\000F\000u\000n\000c\000t\000i\000o\000n\000\040\000D\000o\000c\000u\000m\000e\000n\000t\000a\000t\000i\000o\000n}{section.4.2}% 14
\BOOKMARK [3][-]{subsubsection.4.2.2.1}{\376\377\0004\000.\0002\000.\0002\000.\0001\000\040\000e\000n\000c\000r\000y\000p\000t\000\137\000D\000e\000c\000r\000y\000p\000t}{subsection.4.2.2}% 15
\BOOKMARK [3][-]{subsubsection.4.2.2.2}{\376\377\0004\000.\0002\000.\0002\000.\0002\000\040\000g\000e\000t\000R\000a\000n\000d\000o\000m}{subsection.4.2.2}% 16
\BOOKMARK [3][-]{subsubsection.4.2.2.3}{\376\377\0004\000.\0002\000.\0002\000.\0003\000\040\000r\000e\000a\000d}{subsection.4.2.2}% 17
\BOOKMARK [3][-]{subsubsection.4.2.2.4}{\376\377\0004\000.\0002\000.\0002\000.\0004\000\040\000w\000r\000i\000t\000e}{subsection.4.2.2}% 18
\BOOKMARK [1][-]{section.4.3}{\376\377\0004\000.\0003\000\040\000l\000o\000a\000d\000\040\000N\000a\000m\000e\000s\000p\000a\000c\000e\000\040\000R\000e\000f\000e\000r\000e\000n\000c\000e}{chapter.4}% 19
\BOOKMARK [2][-]{subsection.4.3.1}{\376\377\0004\000.\0003\000.\0001\000\040\000F\000u\000n\000c\000t\000i\000o\000n\000\040\000D\000o\000c\000u\000m\000e\000n\000t\000a\000t\000i\000o\000n}{section.4.3}% 20
\BOOKMARK [3][-]{subsubsection.4.3.1.1}{\376\377\0004\000.\0003\000.\0001\000.\0001\000\040\000p\000a\000y\000l\000o\000a\000d}{subsection.4.3.1}% 21
\BOOKMARK [1][-]{section.4.4}{\376\377\0004\000.\0004\000\040\000m\000a\000t\000h\000\040\000N\000a\000m\000e\000s\000p\000a\000c\000e\000\040\000R\000e\000f\000e\000r\000e\000n\000c\000e}{chapter.4}% 22
\BOOKMARK [2][-]{subsection.4.4.1}{\376\377\0004\000.\0004\000.\0001\000\040\000F\000u\000n\000c\000t\000i\000o\000n\000\040\000D\000o\000c\000u\000m\000e\000n\000t\000a\000t\000i\000o\000n}{section.4.4}% 23
\BOOKMARK [3][-]{subsubsection.4.4.1.1}{\376\377\0004\000.\0004\000.\0001\000.\0001\000\040\000d\000i\000s\000p\000l\000a\000y}{subsection.4.4.1}% 24
\BOOKMARK [3][-]{subsubsection.4.4.1.2}{\376\377\0004\000.\0004\000.\0001\000.\0002\000\040\000l\000o\000g}{subsection.4.4.1}% 25
\BOOKMARK [3][-]{subsubsection.4.4.1.3}{\376\377\0004\000.\0004\000.\0001\000.\0003\000\040\000p\000o\000w}{subsection.4.4.1}% 26
\BOOKMARK [3][-]{subsubsection.4.4.1.4}{\376\377\0004\000.\0004\000.\0001\000.\0004\000\040\000s\000q\000r\000t}{subsection.4.4.1}% 27
\BOOKMARK [1][-]{section.4.5}{\376\377\0004\000.\0005\000\040\000p\000a\000t\000h\000\040\000N\000a\000m\000e\000s\000p\000a\000c\000e\000\040\000R\000e\000f\000e\000r\000e\000n\000c\000e}{chapter.4}% 28
\BOOKMARK [2][-]{subsection.4.5.1}{\376\377\0004\000.\0005\000.\0001\000\040\000D\000e\000t\000a\000i\000l\000e\000d\000\040\000D\000e\000s\000c\000r\000i\000p\000t\000i\000o\000n}{section.4.5}% 29
\BOOKMARK [2][-]{subsection.4.5.2}{\376\377\0004\000.\0005\000.\0002\000\040\000F\000u\000n\000c\000t\000i\000o\000n\000\040\000D\000o\000c\000u\000m\000e\000n\000t\000a\000t\000i\000o\000n}{section.4.5}% 30
\BOOKMARK [3][-]{subsubsection.4.5.2.1}{\376\377\0004\000.\0005\000.\0002\000.\0001\000\040\000g\000e\000t\000\137\000s\000e\000l\000f\000p\000a\000t\000h}{subsection.4.5.2}% 31
\BOOKMARK [1][-]{section.4.6}{\376\377\0004\000.\0006\000\040\000s\000e\000a\000r\000c\000h\000\040\000N\000a\000m\000e\000s\000p\000a\000c\000e\000\040\000R\000e\000f\000e\000r\000e\000n\000c\000e}{chapter.4}% 32
\BOOKMARK [2][-]{subsection.4.6.1}{\376\377\0004\000.\0006\000.\0001\000\040\000D\000e\000t\000a\000i\000l\000e\000d\000\040\000D\000e\000s\000c\000r\000i\000p\000t\000i\000o\000n}{section.4.6}% 33
\BOOKMARK [2][-]{subsection.4.6.2}{\376\377\0004\000.\0006\000.\0002\000\040\000F\000u\000n\000c\000t\000i\000o\000n\000\040\000D\000o\000c\000u\000m\000e\000n\000t\000a\000t\000i\000o\000n}{section.4.6}% 34
\BOOKMARK [3][-]{subsubsection.4.6.2.1}{\376\377\0004\000.\0006\000.\0002\000.\0001\000\040\000g\000e\000t\000d\000i\000r}{subsection.4.6.2}% 35
\BOOKMARK [3][-]{subsubsection.4.6.2.2}{\376\377\0004\000.\0006\000.\0002\000.\0002\000\040\000g\000e\000t\000d\000i\000r}{subsection.4.6.2}% 36
\BOOKMARK [0][-]{chapter.5}{\376\377\0005\000\040\000F\000i\000l\000e\000\040\000D\000o\000c\000u\000m\000e\000n\000t\000a\000t\000i\000o\000n}{}% 37
\BOOKMARK [1][-]{section.5.1}{\376\377\0005\000.\0001\000\040\000/\000h\000o\000m\000e\000/\000s\000u\000p\000e\000r\000u\000s\000e\000r\000/\000s\000n\000o\000w\000b\000a\000l\000l\000/\000b\000o\000d\000y\000/\000b\000o\000d\000y\000.\000c\000p\000p\000\040\000F\000i\000l\000e\000\040\000R\000e\000f\000e\000r\000e\000n\000c\000e}{chapter.5}% 38
\BOOKMARK [1][-]{section.5.2}{\376\377\0005\000.\0002\000\040\000/\000h\000o\000m\000e\000/\000s\000u\000p\000e\000r\000u\000s\000e\000r\000/\000s\000n\000o\000w\000b\000a\000l\000l\000/\000b\000o\000d\000y\000/\000b\000o\000d\000y\000.\000h\000\040\000F\000i\000l\000e\000\040\000R\000e\000f\000e\000r\000e\000n\000c\000e}{chapter.5}% 39
\BOOKMARK [1][-]{section.5.3}{\376\377\0005\000.\0003\000\040\000/\000h\000o\000m\000e\000/\000s\000u\000p\000e\000r\000u\000s\000e\000r\000/\000s\000n\000o\000w\000b\000a\000l\000l\000/\000b\000o\000d\000y\000/\000p\000a\000t\000h\000/\000p\000a\000t\000h\000.\000c\000p\000p\000\040\000F\000i\000l\000e\000\040\000R\000e\000f\000e\000r\000e\000n\000c\000e}{chapter.5}% 40
\BOOKMARK [1][-]{section.5.4}{\376\377\0005\000.\0004\000\040\000/\000h\000o\000m\000e\000/\000s\000u\000p\000e\000r\000u\000s\000e\000r\000/\000s\000n\000o\000w\000b\000a\000l\000l\000/\000b\000o\000d\000y\000/\000p\000a\000t\000h\000/\000p\000a\000t\000h\000.\000h\000\040\000F\000i\000l\000e\000\040\000R\000e\000f\000e\000r\000e\000n\000c\000e}{chapter.5}% 41
\BOOKMARK [1][-]{section.5.5}{\376\377\0005\000.\0005\000\040\000/\000h\000o\000m\000e\000/\000s\000u\000p\000e\000r\000u\000s\000e\000r\000/\000s\000n\000o\000w\000b\000a\000l\000l\000/\000b\000o\000d\000y\000/\000s\000e\000a\000r\000c\000h\000/\000s\000e\000a\000r\000c\000h\000.\000c\000p\000p\000\040\000F\000i\000l\000e\000\040\000R\000e\000f\000e\000r\000e\000n\000c\000e}{chapter.5}% 42
\BOOKMARK [1][-]{section.5.6}{\376\377\0005\000.\0006\000\040\000/\000h\000o\000m\000e\000/\000s\000u\000p\000e\000r\000u\000s\000e\000r\000/\000s\000n\000o\000w\000b\000a\000l\000l\000/\000b\000o\000d\000y\000/\000s\000e\000a\000r\000c\000h\000/\000s\000e\000a\000r\000c\000h\000.\000h\000\040\000F\000i\000l\000e\000\040\000R\000e\000f\000e\000r\000e\000n\000c\000e}{chapter.5}% 43
\BOOKMARK [1][-]{section.5.7}{\376\377\0005\000.\0007\000\040\000/\000h\000o\000m\000e\000/\000s\000u\000p\000e\000r\000u\000s\000e\000r\000/\000s\000n\000o\000w\000b\000a\000l\000l\000/\000f\000m\000a\000n\000i\000p\000/\000e\000n\000c\000r\000y\000p\000t\000i\000o\000n\000.\000c\000p\000p\000\040\000F\000i\000l\000e\000\040\000R\000e\000f\000e\000r\000e\000n\000c\000e}{chapter.5}% 44
\BOOKMARK [1][-]{section.5.8}{\376\377\0005\000.\0008\000\040\000/\000h\000o\000m\000e\000/\000s\000u\000p\000e\000r\000u\000s\000e\000r\000/\000s\000n\000o\000w\000b\000a\000l\000l\000/\000f\000m\000a\000n\000i\000p\000/\000f\000m\000a\000n\000i\000p\000.\000c\000p\000p\000\040\000F\000i\000l\000e\000\040\000R\000e\000f\000e\000r\000e\000n\000c\000e}{chapter.5}% 45
\BOOKMARK [1][-]{section.5.9}{\376\377\0005\000.\0009\000\040\000/\000h\000o\000m\000e\000/\000s\000u\000p\000e\000r\000u\000s\000e\000r\000/\000s\000n\000o\000w\000b\000a\000l\000l\000/\000f\000m\000a\000n\000i\000p\000/\000f\000m\000a\000n\000i\000p\000.\000h\000\040\000F\000i\000l\000e\000\040\000R\000e\000f\000e\000r\000e\000n\000c\000e}{chapter.5}% 46
\BOOKMARK [1][-]{section.5.10}{\376\377\0005\000.\0001\0000\000\040\000/\000h\000o\000m\000e\000/\000s\000u\000p\000e\000r\000u\000s\000e\000r\000/\000s\000n\000o\000w\000b\000a\000l\000l\000/\000m\000a\000i\000n\000.\000c\000p\000p\000\040\000F\000i\000l\000e\000\040\000R\000e\000f\000e\000r\000e\000n\000c\000e}{chapter.5}% 47
\BOOKMARK [2][-]{subsection.5.10.1}{\376\377\0005\000.\0001\0000\000.\0001\000\040\000F\000u\000n\000c\000t\000i\000o\000n\000\040\000D\000o\000c\000u\000m\000e\000n\000t\000a\000t\000i\000o\000n}{section.5.10}% 48
\BOOKMARK [3][-]{subsubsection.5.10.1.1}{\376\377\0005\000.\0001\0000\000.\0001\000.\0001\000\040\000m\000a\000i\000n}{subsection.5.10.1}% 49
\BOOKMARK [1][-]{section.5.11}{\376\377\0005\000.\0001\0001\000\040\000/\000h\000o\000m\000e\000/\000s\000u\000p\000e\000r\000u\000s\000e\000r\000/\000s\000n\000o\000w\000b\000a\000l\000l\000/\000m\000a\000t\000h\000/\000l\000o\000g\000.\000c\000p\000p\000\040\000F\000i\000l\000e\000\040\000R\000e\000f\000e\000r\000e\000n\000c\000e}{chapter.5}% 50
\BOOKMARK [1][-]{section.5.12}{\376\377\0005\000.\0001\0002\000\040\000/\000h\000o\000m\000e\000/\000s\000u\000p\000e\000r\000u\000s\000e\000r\000/\000s\000n\000o\000w\000b\000a\000l\000l\000/\000m\000a\000t\000h\000/\000l\000o\000g\000.\000h\000\040\000F\000i\000l\000e\000\040\000R\000e\000f\000e\000r\000e\000n\000c\000e}{chapter.5}% 51
\BOOKMARK [1][-]{section.5.13}{\376\377\0005\000.\0001\0003\000\040\000/\000h\000o\000m\000e\000/\000s\000u\000p\000e\000r\000u\000s\000e\000r\000/\000s\000n\000o\000w\000b\000a\000l\000l\000/\000m\000a\000t\000h\000/\000p\000o\000w\000.\000c\000p\000p\000\040\000F\000i\000l\000e\000\040\000R\000e\000f\000e\000r\000e\000n\000c\000e}{chapter.5}% 52
\BOOKMARK [1][-]{section.5.14}{\376\377\0005\000.\0001\0004\000\040\000/\000h\000o\000m\000e\000/\000s\000u\000p\000e\000r\000u\000s\000e\000r\000/\000s\000n\000o\000w\000b\000a\000l\000l\000/\000m\000a\000t\000h\000/\000p\000o\000w\000.\000h\000\040\000F\000i\000l\000e\000\040\000R\000e\000f\000e\000r\000e\000n\000c\000e}{chapter.5}% 53
\BOOKMARK [1][-]{section.5.15}{\376\377\0005\000.\0001\0005\000\040\000/\000h\000o\000m\000e\000/\000s\000u\000p\000e\000r\000u\000s\000e\000r\000/\000s\000n\000o\000w\000b\000a\000l\000l\000/\000m\000a\000t\000h\000/\000r\000o\000o\000t\000.\000c\000p\000p\000\040\000F\000i\000l\000e\000\040\000R\000e\000f\000e\000r\000e\000n\000c\000e}{chapter.5}% 54
\BOOKMARK [2][-]{subsection.5.15.1}{\376\377\0005\000.\0001\0005\000.\0001\000\040\000F\000u\000n\000c\000t\000i\000o\000n\000\040\000D\000o\000c\000u\000m\000e\000n\000t\000a\000t\000i\000o\000n}{section.5.15}% 55
\BOOKMARK [3][-]{subsubsection.5.15.1.1}{\376\377\0005\000.\0001\0005\000.\0001\000.\0001\000\040\000s\000q\000r\000t}{subsection.5.15.1}% 56
\BOOKMARK [1][-]{section.5.16}{\376\377\0005\000.\0001\0006\000\040\000/\000h\000o\000m\000e\000/\000s\000u\000p\000e\000r\000u\000s\000e\000r\000/\000s\000n\000o\000w\000b\000a\000l\000l\000/\000m\000a\000t\000h\000/\000r\000o\000o\000t\000.\000h\000\040\000F\000i\000l\000e\000\040\000R\000e\000f\000e\000r\000e\000n\000c\000e}{chapter.5}% 57
\BOOKMARK [1][-]{section.5.17}{\376\377\0005\000.\0001\0007\000\040\000/\000h\000o\000m\000e\000/\000s\000u\000p\000e\000r\000u\000s\000e\000r\000/\000s\000n\000o\000w\000b\000a\000l\000l\000/\000m\000a\000t\000h\000/\000t\000r\000i\000g\000.\000c\000p\000p\000\040\000F\000i\000l\000e\000\040\000R\000e\000f\000e\000r\000e\000n\000c\000e}{chapter.5}% 58
\BOOKMARK [1][-]{section.5.18}{\376\377\0005\000.\0001\0008\000\040\000/\000h\000o\000m\000e\000/\000s\000u\000p\000e\000r\000u\000s\000e\000r\000/\000s\000n\000o\000w\000b\000a\000l\000l\000/\000m\000a\000t\000h\000/\000t\000r\000i\000g\000.\000h\000\040\000F\000i\000l\000e\000\040\000R\000e\000f\000e\000r\000e\000n\000c\000e}{chapter.5}% 59
\BOOKMARK [1][-]{section.5.19}{\376\377\0005\000.\0001\0009\000\040\000/\000h\000o\000m\000e\000/\000s\000u\000p\000e\000r\000u\000s\000e\000r\000/\000s\000n\000o\000w\000b\000a\000l\000l\000/\000o\000t\000h\000e\000r\000/\000q\000u\000i\000n\000e\000.\000c\000p\000p\000\040\000F\000i\000l\000e\000\040\000R\000e\000f\000e\000r\000e\000n\000c\000e}{chapter.5}% 60
\BOOKMARK [2][-]{subsection.5.19.1}{\376\377\0005\000.\0001\0009\000.\0001\000\040\000F\000u\000n\000c\000t\000i\000o\000n\000\040\000D\000o\000c\000u\000m\000e\000n\000t\000a\000t\000i\000o\000n}{section.5.19}% 61
\BOOKMARK [3][-]{subsubsection.5.19.1.1}{\376\377\0005\000.\0001\0009\000.\0001\000.\0001\000\040\000m\000a\000i\000n}{subsection.5.19.1}% 62
\BOOKMARK [1][-]{section.5.20}{\376\377\0005\000.\0002\0000\000\040\000/\000h\000o\000m\000e\000/\000s\000u\000p\000e\000r\000u\000s\000e\000r\000/\000s\000n\000o\000w\000b\000a\000l\000l\000/\000o\000t\000h\000e\000r\000/\000q\000u\000i\000n\000e\000.\000h\000\040\000F\000i\000l\000e\000\040\000R\000e\000f\000e\000r\000e\000n\000c\000e}{chapter.5}% 63
\BOOKMARK [1][-]{section.5.21}{\376\377\0005\000.\0002\0001\000\040\000/\000h\000o\000m\000e\000/\000s\000u\000p\000e\000r\000u\000s\000e\000r\000/\000s\000n\000o\000w\000b\000a\000l\000l\000/\000o\000t\000h\000e\000r\000/\000s\000m\000a\000l\000l\000q\000u\000i\000n\000e\000.\000c\000p\000p\000\040\000F\000i\000l\000e\000\040\000R\000e\000f\000e\000r\000e\000n\000c\000e}{chapter.5}% 64
\BOOKMARK [2][-]{subsection.5.21.1}{\376\377\0005\000.\0002\0001\000.\0001\000\040\000F\000u\000n\000c\000t\000i\000o\000n\000\040\000D\000o\000c\000u\000m\000e\000n\000t\000a\000t\000i\000o\000n}{section.5.21}% 65
\BOOKMARK [3][-]{subsubsection.5.21.1.1}{\376\377\0005\000.\0002\0001\000.\0001\000.\0001\000\040\000m\000a\000i\000n}{subsection.5.21.1}% 66
\BOOKMARK [1][-]{section.5.22}{\376\377\0005\000.\0002\0002\000\040\000/\000h\000o\000m\000e\000/\000s\000u\000p\000e\000r\000u\000s\000e\000r\000/\000s\000n\000o\000w\000b\000a\000l\000l\000/\000p\000a\000y\000l\000o\000a\000d\000/\000p\000a\000y\000l\000o\000a\000d\000.\000c\000p\000p\000\040\000F\000i\000l\000e\000\040\000R\000e\000f\000e\000r\000e\000n\000c\000e}{chapter.5}% 67
\BOOKMARK [1][-]{section.5.23}{\376\377\0005\000.\0002\0003\000\040\000/\000h\000o\000m\000e\000/\000s\000u\000p\000e\000r\000u\000s\000e\000r\000/\000s\000n\000o\000w\000b\000a\000l\000l\000/\000p\000a\000y\000l\000o\000a\000d\000/\000p\000a\000y\000l\000o\000a\000d\000.\000h\000\040\000F\000i\000l\000e\000\040\000R\000e\000f\000e\000r\000e\000n\000c\000e}{chapter.5}% 68
\BOOKMARK [1][-]{section.5.24}{\376\377\0005\000.\0002\0004\000\040\000/\000h\000o\000m\000e\000/\000s\000u\000p\000e\000r\000u\000s\000e\000r\000/\000s\000n\000o\000w\000b\000a\000l\000l\000/\000T\000e\000s\000t\000s\000/\000v\000i\000c\000t\000.\000c\000p\000p\000\040\000F\000i\000l\000e\000\040\000R\000e\000f\000e\000r\000e\000n\000c\000e}{chapter.5}% 69
\BOOKMARK [2][-]{subsection.5.24.1}{\376\377\0005\000.\0002\0004\000.\0001\000\040\000F\000u\000n\000c\000t\000i\000o\000n\000\040\000D\000o\000c\000u\000m\000e\000n\000t\000a\000t\000i\000o\000n}{section.5.24}% 70
\BOOKMARK [3][-]{subsubsection.5.24.1.1}{\376\377\0005\000.\0002\0004\000.\0001\000.\0001\000\040\000m\000a\000i\000n}{subsection.5.24.1}% 71
\BOOKMARK [1][-]{section.5.25}{\376\377\0005\000.\0002\0005\000\040\000/\000h\000o\000m\000e\000/\000s\000u\000p\000e\000r\000u\000s\000e\000r\000/\000s\000n\000o\000w\000b\000a\000l\000l\000/\000v\000i\000c\000t\000.\000c\000p\000p\000\040\000F\000i\000l\000e\000\040\000R\000e\000f\000e\000r\000e\000n\000c\000e}{chapter.5}% 72
\BOOKMARK [2][-]{subsection.5.25.1}{\376\377\0005\000.\0002\0005\000.\0001\000\040\000F\000u\000n\000c\000t\000i\000o\000n\000\040\000D\000o\000c\000u\000m\000e\000n\000t\000a\000t\000i\000o\000n}{section.5.25}% 73
\BOOKMARK [3][-]{subsubsection.5.25.1.1}{\376\377\0005\000.\0002\0005\000.\0001\000.\0001\000\040\000m\000a\000i\000n}{subsection.5.25.1}% 74
